d:\code\cheima\cheima\day03\project3\project3\debug\vc142.pdb
d:\code\cheima\cheima\day03\project3\project3\debug\vc142.idb
d:\code\cheima\cheima\day03\project3\project3\debug\03_二级指针做输出参数特性.obj
d:\code\cheima\cheima\day03\project3\project3\debug\04_二级指针做输入：第一种内存模型.obj
d:\code\cheima\cheima\day03\project3\debug\project3.pdb
d:\code\cheima\cheima\day03\project3\project3\debug\project3.tlog\cl.command.1.tlog
d:\code\cheima\cheima\day03\project3\project3\debug\project3.tlog\cl.read.1.tlog
d:\code\cheima\cheima\day03\project3\project3\debug\project3.tlog\cl.write.1.tlog
d:\code\cheima\cheima\day03\project3\project3\debug\project3.tlog\link-cvtres.read.1.tlog
d:\code\cheima\cheima\day03\project3\project3\debug\project3.tlog\link-cvtres.write.1.tlog
d:\code\cheima\cheima\day03\project3\project3\debug\project3.tlog\link-rc.read.1.tlog
d:\code\cheima\cheima\day03\project3\project3\debug\project3.tlog\link-rc.write.1.tlog
d:\code\cheima\cheima\day03\project3\project3\debug\project3.tlog\link.1988-cvtres.read.1.tlog
d:\code\cheima\cheima\day03\project3\project3\debug\project3.tlog\link.1988-cvtres.write.1.tlog
d:\code\cheima\cheima\day03\project3\project3\debug\project3.tlog\link.1988-rc.read.1.tlog
d:\code\cheima\cheima\day03\project3\project3\debug\project3.tlog\link.1988-rc.write.1.tlog
d:\code\cheima\cheima\day03\project3\project3\debug\project3.tlog\link.1988.read.1.tlog
d:\code\cheima\cheima\day03\project3\project3\debug\project3.tlog\link.1988.write.1.tlog
d:\code\cheima\cheima\day03\project3\project3\debug\project3.tlog\link.command.1.tlog
d:\code\cheima\cheima\day03\project3\project3\debug\project3.tlog\link.read.1.tlog
d:\code\cheima\cheima\day03\project3\project3\debug\project3.tlog\link.write.1.tlog
